INFO:  latexindent version 3.24.4, 2024-07-18, a script to indent .tex files
       latexindent lives here: /usr/share/texmf-dist/scripts/latexindent/
       Fri Apr 10 22:18:00 2026
       Filename: /home/afish/vit/sensor/attendance/report/report.tex
INFO:  Processing switches:
       -s|--silent: Silent mode active (you have used either -s or --silent)
       -w|--overwrite: Overwrite mode active, will make a back up before overwriting
INFO:  Directory for backup files and log file indent.log:
       /home/afish/vit/sensor/attendance/report
INFO:  YAML settings read: defaultSettings.yaml
       Reading defaultSettings.yaml from /usr/share/texmf-dist/scripts/latexindent/defaultSettings.yaml
INFO:  YAML reading settings
       Home directory is /home/afish
       latexindent.pl didn't find indentconfig.yaml or .indentconfig.yaml
       see all possible locations: https://latexindentpl.readthedocs.io/en/latest/sec-appendices.html#indentconfig-options)
INFO:  Backup procedure (-w flag active):
       /home/afish/vit/sensor/attendance/report/report.bak0 already exists, incrementing by 1 (see maxNumberOfBackUps)
       /home/afish/vit/sensor/attendance/report/report.bak1 already exists, incrementing by 1 (see maxNumberOfBackUps)
       /home/afish/vit/sensor/attendance/report/report.bak2 already exists, incrementing by 1 (see maxNumberOfBackUps)
       /home/afish/vit/sensor/attendance/report/report.bak3 already exists, incrementing by 1 (see maxNumberOfBackUps)
       Backing up /home/afish/vit/sensor/attendance/report/report.tex to /home/afish/vit/sensor/attendance/report/report.bak4...
       /home/afish/vit/sensor/attendance/report/report.tex will be overwritten after indentation
INFO:  Phase 1: searching for objects
INFO:  Phase 2: finding surrounding indentation
INFO:  Phase 3: indenting objects
INFO:  Phase 4: final indentation check
INFO:  Output routine:
       Overwriting file /home/afish/vit/sensor/attendance/report/report.tex
       --------------
INFO:  Please direct all communication/issues to:
        https://github.com/cmhughes/latexindent.pl
